<?xml version="1.0" encoding="UTF-8"?>
<!-- Generated by org.testng.reporters.JUnitReportReporter -->
<testsuite hostname="Doruks-MacBook-Pro.local" failures="0" tests="1" name="trendYol.trendYolCase.LoginSayfa" time="7.337" errors="0" timestamp="28 Jun 2020 21:14:41 GMT">
  <testcase classname="trendYol.trendYolCase.LoginSayfa" name="LoginTest" time="7.337"/>
</testsuite> <!-- trendYol.trendYolCase.LoginSayfa -->
