<?xml version="1.0" encoding="UTF-8"?>
<!-- Generated by org.testng.reporters.JUnitReportReporter -->
<testsuite hostname="Doruks-MacBook-Pro.local" failures="0" tests="1" name="trendYol.trendYolCase.RestApiGet" time="3.396" errors="0" timestamp="29 Jun 2020 10:47:02 GMT">
  <testcase classname="trendYol.trendYolCase.RestApiGet" name="GetRestApi" time="3.396"/>
</testsuite> <!-- trendYol.trendYolCase.RestApiGet -->
