<?xml version="1.0" encoding="UTF-8"?>
<!-- Generated by org.testng.reporters.JUnitReportReporter -->
<testsuite hostname="Doruks-MacBook-Pro.local" failures="0" tests="1" name="trendYol.trendYolCase.RestApiPut" time="2.868" errors="0" timestamp="29 Jun 2020 12:02:31 GMT">
  <testcase classname="trendYol.trendYolCase.RestApiPut" name="PutRestApi" time="2.868"/>
</testsuite> <!-- trendYol.trendYolCase.RestApiPut -->
