<?xml version="1.0" encoding="UTF-8"?>
<!-- Generated by org.testng.reporters.JUnitReportReporter -->
<testsuite hostname="Doruks-MacBook-Pro.local" failures="0" tests="6" name="trendYol.trendYolCase.Bölüm1.MainTest" time="0.000" errors="1" timestamp="2020-07-02T16:19:36 EET" skipped="5">
  <testcase classname="trendYol.trendYolCase.Bölüm1.MainTest" name="loginTrendyol" time="0.000">
    <skipped/>
  </testcase> <!-- loginTrendyol -->
  <system-out/>
  <testcase classname="trendYol.trendYolCase.Bölüm1.MainTest" name="initialize" time="0.000">
    <error message="Unresolved compilation problem: 
	The constructor LoginPage(WebDriver, WebDriverWait) is undefined
" type="java.lang.Error">
      <![CDATA[java.lang.Error: Unresolved compilation problem: 
The constructor LoginPage(WebDriver, WebDriverWait) is undefined

at trendYol.trendYolCase.Bölüm1.MainTest.initialize(MainTest.java:24)
at java.base/jdk.internal.reflect.NativeMethodAccessorImpl.invoke0(Native Method)
at java.base/jdk.internal.reflect.NativeMethodAccessorImpl.invoke(NativeMethodAccessorImpl.java:62)
at java.base/jdk.internal.reflect.DelegatingMethodAccessorImpl.invoke(DelegatingMethodAccessorImpl.java:43)
at java.base/java.lang.reflect.Method.invoke(Method.java:566)
at org.testng.internal.MethodInvocationHelper.invokeMethod(MethodInvocationHelper.java:135)
at org.testng.internal.MethodInvocationHelper.invokeMethodConsideringTimeout(MethodInvocationHelper.java:64)
at org.testng.internal.ConfigInvoker.invokeConfigurationMethod(ConfigInvoker.java:364)
at org.testng.internal.ConfigInvoker.invokeConfigurations(ConfigInvoker.java:318)
at org.testng.internal.TestInvoker.runConfigMethods(TestInvoker.java:700)
at org.testng.internal.TestInvoker.invokeMethod(TestInvoker.java:527)
at org.testng.internal.TestInvoker.invokeTestMethod(TestInvoker.java:174)
at org.testng.internal.MethodRunner.runInSequence(MethodRunner.java:46)
at org.testng.internal.TestInvoker$MethodInvocationAgent.invoke(TestInvoker.java:821)
at org.testng.internal.TestInvoker.invokeTestMethods(TestInvoker.java:147)
at org.testng.internal.TestMethodWorker.invokeTestMethods(TestMethodWorker.java:146)
at org.testng.internal.TestMethodWorker.run(TestMethodWorker.java:128)
at java.base/java.util.ArrayList.forEach(ArrayList.java:1540)
at org.testng.TestRunner.privateRun(TestRunner.java:767)
at org.testng.TestRunner.run(TestRunner.java:588)
at org.testng.SuiteRunner.runTest(SuiteRunner.java:384)
at org.testng.SuiteRunner.runSequentially(SuiteRunner.java:378)
at org.testng.SuiteRunner.privateRun(SuiteRunner.java:337)
at org.testng.SuiteRunner.run(SuiteRunner.java:286)
at org.testng.SuiteRunnerWorker.runSuite(SuiteRunnerWorker.java:53)
at org.testng.SuiteRunnerWorker.run(SuiteRunnerWorker.java:96)
at org.testng.TestNG.runSuitesSequentially(TestNG.java:1214)
at org.testng.TestNG.runSuitesLocally(TestNG.java:1136)
at org.testng.TestNG.runSuites(TestNG.java:1066)
at org.testng.TestNG.run(TestNG.java:1034)
at org.testng.remote.AbstractRemoteTestNG.run(AbstractRemoteTestNG.java:115)
at org.testng.remote.RemoteTestNG.initAndRun(RemoteTestNG.java:251)
at org.testng.remote.RemoteTestNG.main(RemoteTestNG.java:77)
]]>
    </error>
  </testcase> <!-- initialize -->
  <system-out/>
  <testcase classname="trendYol.trendYolCase.Bölüm1.MainTest" name="ControlAllTabs" time="0.000">
    <skipped/>
  </testcase> <!-- ControlAllTabs -->
  <system-out/>
  <testcase classname="trendYol.trendYolCase.Bölüm1.MainTest" name="RandomMenuSelectionAndImageControl" time="0.000">
    <skipped/>
  </testcase> <!-- RandomMenuSelectionAndImageControl -->
  <system-out/>
  <testcase classname="trendYol.trendYolCase.Bölüm1.MainTest" name="ProductSelection" time="0.000">
    <skipped/>
  </testcase> <!-- ProductSelection -->
  <system-out/>
  <testcase classname="trendYol.trendYolCase.Bölüm1.MainTest" name="AddingBasket" time="0.000">
    <skipped/>
  </testcase> <!-- AddingBasket -->
  <system-out/>
</testsuite> <!-- trendYol.trendYolCase.Bölüm1.MainTest -->
