<?xml version="1.0" encoding="UTF-8"?>
<!-- Generated by org.testng.reporters.JUnitReportReporter -->
<testsuite hostname="Doruks-MacBook-Pro.local" failures="0" tests="1" name="trendYol.trendYolCase.RestApiPutDummy" time="3.232" errors="0" timestamp="29 Jun 2020 11:58:32 GMT">
  <testcase classname="trendYol.trendYolCase.RestApiPutDummy" name="PutRestApi" time="3.232"/>
</testsuite> <!-- trendYol.trendYolCase.RestApiPutDummy -->
