<?xml version="1.0" encoding="UTF-8"?>
<!-- Generated by org.testng.reporters.JUnitReportReporter -->
<testsuite hostname="Doruks-MacBook-Pro.local" failures="0" tests="1" name="trendYol.trendYolCase.LoginCase" time="184.412" errors="0" timestamp="28 Jun 2020 16:42:45 GMT">
  <testcase classname="trendYol.trendYolCase.LoginCase" name="LoginTest" time="184.412"/>
</testsuite> <!-- trendYol.trendYolCase.LoginCase -->
