<?xml version="1.0" encoding="UTF-8"?>
<!-- Generated by org.testng.reporters.JUnitReportReporter -->
<testsuite hostname="Doruks-MacBook-Pro.local" failures="0" tests="1" name="trendYol.trendYolCase.RestApi" time="3.422" errors="0" timestamp="28 Jun 2020 07:46:47 GMT">
  <testcase classname="trendYol.trendYolCase.RestApi" name="GetRestApi" time="3.422"/>
</testsuite> <!-- trendYol.trendYolCase.RestApi -->
