<?xml version="1.0" encoding="UTF-8"?>
<!-- Generated by org.testng.reporters.JUnitReportReporter -->
<testsuite hostname="Doruks-MacBook-Pro.local" failures="0" tests="1" name="trendYol.trendYolCase.DummyRestApiGet" time="2.368" errors="0" timestamp="29 Jun 2020 10:56:25 GMT">
  <testcase classname="trendYol.trendYolCase.DummyRestApiGet" name="GetRestApi" time="2.368"/>
</testsuite> <!-- trendYol.trendYolCase.DummyRestApiGet -->
