<?xml version="1.0" encoding="UTF-8"?>
<!-- Generated by org.testng.reporters.JUnitReportReporter -->
<testsuite hostname="Doruks-MacBook-Pro.local" failures="0" tests="1" name="trendYol.trendYolCase.SignUpPageTest" time="7.842" errors="0" timestamp="29 Jun 2020 08:54:20 GMT">
  <testcase classname="trendYol.trendYolCase.SignUpPageTest" name="signUp" time="7.842"/>
</testsuite> <!-- trendYol.trendYolCase.SignUpPageTest -->
